<?xml version="1.0" encoding="UTF-8"?>
<!-- Generated by org.testng.reporters.JUnitXMLReporter -->
<testsuite ignored="2" hostname="192.168.1.20" failures="0" tests="1" name="Default test" time="5.416" errors="0" timestamp="2024-11-13T16:24:52 IST">
  <testcase classname="com.qa.api.tests.GraphQLMutationUser" name="testCreateUserMutationUsingMapAndGraphqlFile" time="5.345"/>
  <testcase classname="com.qa.api.tests.GraphQLMutationUser" name="testCreateUserMutationUsingMap" time="0.0">
    <ignored/>
  </testcase> <!-- testCreateUserMutationUsingMap -->
  <testcase classname="com.qa.api.tests.GraphQLMutationUser" name="testCreateUserMutation" time="0.0">
    <ignored/>
  </testcase> <!-- testCreateUserMutation -->
</testsuite> <!-- Default test -->
