<?xml version="1.0" encoding="UTF-8"?>
<!-- Generated by org.testng.reporters.JUnitXMLReporter -->
<testsuite ignored="4" hostname="192.168.1.13" failures="0" tests="3" name="Default test" time="4.514" errors="0" timestamp="2024-10-09T15:59:54 IST">
  <testcase classname="com.qa.api.tests.ApiTests" name="testPostWithPOJOLombok" time="2.08"/>
  <testcase classname="com.qa.api.tests.ApiTests" name="testPostWithPOJOLombok" time="0.751"/>
  <testcase classname="com.qa.api.tests.ApiTests" name="testPostWithPOJOLombok" time="1.097"/>
  <testcase classname="com.qa.api.tests.ApiTests" name="testPostWithJsonFile" time="0.0">
    <ignored/>
  </testcase> <!-- testPostWithJsonFile -->
  <testcase classname="com.qa.api.tests.ApiTests" name="testPostWithPOJOLombokBuilder" time="0.0">
    <ignored/>
  </testcase> <!-- testPostWithPOJOLombokBuilder -->
  <testcase classname="com.qa.api.tests.ApiTests" name="testGetWithJsonContentTypeWithAuthHeader" time="0.0">
    <ignored/>
  </testcase> <!-- testGetWithJsonContentTypeWithAuthHeader -->
  <testcase classname="com.qa.api.tests.ApiTests" name="testGetWithJsonContentType" time="0.0">
    <ignored/>
  </testcase> <!-- testGetWithJsonContentType -->
</testsuite> <!-- Default test -->
