<?xml version="1.0" encoding="UTF-8"?>
<testng-results ignored="0" total="1" passed="1" failed="0" skipped="0">
  <reporter-output>
  </reporter-output>
  <suite started-at="2024-11-11T18:20:49 IST" name="Default suite" finished-at="2024-11-11T18:20:53 IST" duration-ms="4357">
    <groups>
    </groups>
    <test started-at="2024-11-11T18:20:49 IST" name="Default test" finished-at="2024-11-11T18:20:53 IST" duration-ms="4357">
      <class name="com.qa.api.tests.GraphQLQueryUser">
        <test-method signature="testGetUserQueryWithVariables()[pri:0, instance:com.qa.api.tests.GraphQLQueryUser@4dd6fd0a]" started-at="2024-11-11T18:20:49 IST" name="testGetUserQueryWithVariables" finished-at="2024-11-11T18:20:53 IST" duration-ms="4291" status="PASS">
          <reporter-output>
          </reporter-output>
        </test-method> <!-- testGetUserQueryWithVariables -->
      </class> <!-- com.qa.api.tests.GraphQLQueryUser -->
    </test> <!-- Default test -->
  </suite> <!-- Default suite -->
</testng-results>
